<?xml version="1.0" encoding="UTF-8"?>
<testsuite name="A user wants register in web site UTest.com" tests="1" skipped="0" failures="0" errors="0" timestamp="2021-02-20T21:15:06" hostname="DESKTOP-COMUC1A" time="157.366">
  <properties/>
  <testcase name="Register an user correctly" classname="A user wants register in web site UTest.com" time="157.366"/>
  <system-out><![CDATA[]]></system-out>
  <system-err><![CDATA[feb 20, 2021 4:15:09 PM org.openqa.selenium.remote.DesiredCapabilities chrome
INFORMACIÓN: Using `new ChromeOptions()` is preferred to `DesiredCapabilities.chrome()`
[Test worker] INFO net.serenitybdd.core.webdriver.driverproviders.ProvideNewDriver - Instantiating driver
[Test worker] INFO net.serenitybdd.core.webdriver.driverproviders.ProvideNewDriver - Driver capabilities: Capabilities {acceptInsecureCerts: false, browserName: chrome, goog:chromeOptions: {args: [], extensions: []}, loggingPrefs: org.openqa.selenium.logging..., platform: ANY, version: }
Starting ChromeDriver 87.0.4280.20 (c99e81631faa0b2a448e658c0dbd8311fb04ddbd-refs/branch-heads/4280@{#355}) on port 5029
Only local connections are allowed.
Please see https://chromedriver.chromium.org/security-considerations for suggestions on keeping ChromeDriver safe.
ChromeDriver was started successfully.
[1613855717.098][WARNING]: This version of ChromeDriver has not been tested with Chrome version 88.
feb 20, 2021 4:15:19 PM org.openqa.selenium.remote.ProtocolHandshake createSession
INFORMACIÓN: Detected dialect: W3C
[1613855796.151][SEVERE]: Timed out receiving message from renderer: 10.000
[1613855796.152][WARNING]: screenshot failed, retrying timeout: Timed out receiving message from renderer: 10.000
[1613855806.152][SEVERE]: Timed out receiving message from renderer: 10.000
[Test worker] INFO net.thucydides.core.steps.ConsoleLoggingListener - 
        __    _____ _____ ____ _____   ____   _    ____  ____  _____ ____  
  _     \ \  |_   _| ____/ ___|_   _| |  _ \ / \  / ___|/ ___|| ____|  _ \ 
 (_)_____| |   | | |  _| \___ \ | |   | |_) / _ \ \___ \\___ \|  _| | | | |
  _|_____| |   | | | |___ ___) || |   |  __/ ___ \ ___) |___) | |___| |_| |
 (_)     | |   |_| |_____|____/ |_|   |_| /_/   \_\____/|____/|_____|____/ 
        /_/                                                                

TEST PASSED: Register an user correctly
----------------------------------------------------------------------------
]]></system-err>
</testsuite>
